<?xml version="1.0"?>
<testsuite name="PhantomJS 2.1.1 (Windows 8 0.0.0)" package="" timestamp="2017-06-18T04:01:13" id="0" hostname="LAPTOP-PJVHPT9O" tests="2" errors="1" failures="2" time="0.003">
  <properties>
    <property name="browser.fullName" value="Mozilla/5.0 (Windows NT 6.2; WOW64) AppleWebKit/538.1 (KHTML, like Gecko) PhantomJS/2.1.1 Safari/538.1"/>
  </properties>
  <testcase name="関数のテスト 1 + 1 = 2である" time="0.003" classname="PhantomJS_2_1_1_(Windows_8_0_0_0).関数のテスト">
    <failure type="">ReferenceError: Can't find variable: x in test/calc-utils.test.js (line 75)
add@test/calc-utils.test.js:75:13
test/calc-utils.test.js:88:25
loaded@http://localhost:9876/context.js:162:17
</failure>
  </testcase>
  <testcase name="関数のテスト 1 + 2 = 3である" time="0" classname="PhantomJS_2_1_1_(Windows_8_0_0_0).関数のテスト">
    <failure type="">ReferenceError: Can't find variable: x in test/calc-utils.test.js (line 75)
add@test/calc-utils.test.js:75:13
test/calc-utils.test.js:93:25
</failure>
  </testcase>
  <system-out>
    <![CDATA[
]]>
  </system-out>
  <system-err/>
</testsuite>