<?xml version="1.0" ?>
<!DOCTYPE coverage SYSTEM "http://cobertura.sourceforge.net/xml/coverage-04.dtd">
<coverage lines-valid="2"  lines-covered="2"  line-rate="1"  branches-valid="0"  branches-covered="0"  branch-rate="1"  timestamp="1497757672959" complexity="0" version="0.1">
<sources>
	<source>C:\wkStudy\wkTypeScriptUT2</source>
</sources>
<packages>
	<package name="src"  line-rate="1"  branch-rate="1" >
	<classes>
		<class name="calc-utils.js"  filename="src\calc-utils.js"  line-rate="1"  branch-rate="1" >
		<methods>
			<method name="add"  hits="2"  signature="()V" >
				<lines><line number="1"  hits="2" /></lines>
			</method>
		</methods>
		<lines>
			<line number="1"  hits="1"  branch="false" />
			<line number="2"  hits="2"  branch="false" />
		</lines>
		</class>
	</classes>
	</package>
</packages>
</coverage>
